<?xml version="1.0" encoding="UTF-8"?>
<testng-results ignored="0" total="3" passed="3" failed="0" skipped="0">
  <reporter-output>
  </reporter-output>
  <suite started-at="2024-11-06T17:03:24 MST" name="RegressionAutomatedQA" finished-at="2024-11-06T17:03:35 MST" duration-ms="10791">
    <groups>
    </groups>
    <test started-at="2024-11-06T17:03:24 MST" name="TC01_Login" finished-at="2024-11-06T17:03:27 MST" duration-ms="2874">
      <class name="loginTest.TC01_Login">
        <test-method is-config="true" signature="startWebDriver()[pri:0, instance:loginTest.TC01_Login@6b44435b]" started-at="2024-11-06T17:03:24 MST" name="startWebDriver" finished-at="2024-11-06T17:03:26 MST" duration-ms="1424" status="PASS">
          <reporter-output>
          </reporter-output>
        </test-method> <!-- startWebDriver -->
        <test-method signature="TC01()[pri:0, instance:loginTest.TC01_Login@6b44435b]" started-at="2024-11-06T17:03:26 MST" name="TC01" finished-at="2024-11-06T17:03:26 MST" duration-ms="562" status="PASS">
          <reporter-output>
          </reporter-output>
        </test-method> <!-- TC01 -->
        <test-method is-config="true" signature="closeDriver()[pri:0, instance:loginTest.TC01_Login@6b44435b]" started-at="2024-11-06T17:03:26 MST" name="closeDriver" finished-at="2024-11-06T17:03:27 MST" duration-ms="817" status="PASS">
          <reporter-output>
          </reporter-output>
        </test-method> <!-- closeDriver -->
      </class> <!-- loginTest.TC01_Login -->
    </test> <!-- TC01_Login -->
    <test started-at="2024-11-06T17:03:27 MST" name="TC02_LoginError" finished-at="2024-11-06T17:03:31 MST" duration-ms="3525">
      <class name="loginTest.TC02_LoginError">
        <test-method is-config="true" signature="startWebDriver()[pri:0, instance:loginTest.TC02_LoginError@652a7737]" started-at="2024-11-06T17:03:27 MST" name="startWebDriver" finished-at="2024-11-06T17:03:30 MST" duration-ms="2642" status="PASS">
          <reporter-output>
          </reporter-output>
        </test-method> <!-- startWebDriver -->
        <test-method signature="TC02()[pri:0, instance:loginTest.TC02_LoginError@652a7737]" started-at="2024-11-06T17:03:30 MST" name="TC02" finished-at="2024-11-06T17:03:30 MST" duration-ms="457" status="PASS">
          <reporter-output>
          </reporter-output>
        </test-method> <!-- TC02 -->
        <test-method is-config="true" signature="closeDriver()[pri:0, instance:loginTest.TC02_LoginError@652a7737]" started-at="2024-11-06T17:03:30 MST" name="closeDriver" finished-at="2024-11-06T17:03:31 MST" duration-ms="418" status="PASS">
          <reporter-output>
          </reporter-output>
        </test-method> <!-- closeDriver -->
      </class> <!-- loginTest.TC02_LoginError -->
    </test> <!-- TC02_LoginError -->
    <test started-at="2024-11-06T17:03:31 MST" name="TC03_VerifyButton" finished-at="2024-11-06T17:03:35 MST" duration-ms="4300">
      <class name="InventoryPage.TC03_VerifyButton">
        <test-method is-config="true" signature="startWebDriver()[pri:0, instance:InventoryPage.TC03_VerifyButton@18245eb0]" started-at="2024-11-06T17:03:31 MST" name="startWebDriver" finished-at="2024-11-06T17:03:33 MST" duration-ms="2539" status="PASS">
          <reporter-output>
          </reporter-output>
        </test-method> <!-- startWebDriver -->
        <test-method signature="TC03()[pri:0, instance:InventoryPage.TC03_VerifyButton@18245eb0]" started-at="2024-11-06T17:03:33 MST" name="TC03" finished-at="2024-11-06T17:03:34 MST" duration-ms="724" status="PASS">
          <reporter-output>
          </reporter-output>
        </test-method> <!-- TC03 -->
        <test-method is-config="true" signature="closeDriver()[pri:0, instance:InventoryPage.TC03_VerifyButton@18245eb0]" started-at="2024-11-06T17:03:34 MST" name="closeDriver" finished-at="2024-11-06T17:03:35 MST" duration-ms="1017" status="PASS">
          <reporter-output>
          </reporter-output>
        </test-method> <!-- closeDriver -->
      </class> <!-- InventoryPage.TC03_VerifyButton -->
    </test> <!-- TC03_VerifyButton -->
  </suite> <!-- RegressionAutomatedQA -->
</testng-results>
